#
# A fatal error has been detected by the Java Runtime Environment:
#
#  SIGSEGV (0xb) at pc=0x00000001138082d7, pid=8279, tid=0x000000000000c60f
#
# JRE version: Java(TM) SE Runtime Environment (8.0_121-b13) (build 1.8.0_121-b13)
# Java VM: Java HotSpot(TM) 64-Bit Server VM (25.121-b13 mixed mode bsd-amd64 compressed oops)
# Problematic frame:
# C  [libawt_lwawt.dylib+0x1c2d7]  OGLSD_SetScratchSurface+0x49
#
# Failed to write core dump. Core dumps have been disabled. To enable core dumping, try "ulimit -c unlimited" before starting Java again
#
# If you would like to submit a bug report, please visit:
#   http://bugreport.java.com/bugreport/crash.jsp
# The crash happened outside the Java Virtual Machine in native code.
# See problematic frame for where to report the bug.
#

---------------  T H R E A D  ---------------

Current thread (0x00007fad5c1ca000):  JavaThread "Java2D Queue Flusher" daemon [_thread_in_native, id=50703, stack(0x000070000c060000,0x000070000c160000)]

siginfo: si_signo: 11 (SIGSEGV), si_code: 1 (SEGV_MAPERR), si_addr: 0x0000000000000002

Registers:
RAX=0x00000000ffffffff, RBX=0x0000000000000002, RCX=0x0000000000000047, RDX=0x0000000113829370
RSP=0x000070000c15f730, RBP=0x000070000c15f750, RSI=0x00007fad5b7242c0, RDI=0x00007fad5c1ca1f8
R8 =0x0000000000000100, R9 =0x0000000001299916, R10=0x000000011671d6b8, R11=0x000000011671ea40
R12=0x0000000000000000, R13=0x000070000c15f8e8, R14=0x00007fad5c1ca1f8, R15=0x00007fad5c1ca000
RIP=0x00000001138082d7, EFLAGS=0x0000000000010202, ERR=0x0000000000000004
  TRAPNO=0x000000000000000e

Top of Stack: (sp=0x000070000c15f730)
0x000070000c15f730:   00007fad5b7242c0 0000000000000000
0x000070000c15f740:   00007fad5c1c2010 00007fad5c1ca000
0x000070000c15f750:   000070000c15f7d0 0000000113828e4e
0x000070000c15f760:   00007fad5b489c00 0000000200000001
0x000070000c15f770:   0000000000000000 000070000c15f800
0x000070000c15f780:   0000000000000000 0000000000000000
0x000070000c15f790:   000070000c15f7d0 00007fad5c1c2020
0x000070000c15f7a0:   0000000000658a50 00007fad5c1ca1f8
0x000070000c15f7b0:   000000013ba449d0 0000000000000000
0x000070000c15f7c0:   000070000c15f968 00007fad5c1ca000
0x000070000c15f7d0:   000070000c15f820 000000011671d72a
0x000070000c15f7e0:   000000076eb0d840 000000010df3745c
0x000070000c15f7f0:   0000000000000064 0000000000000000
0x000070000c15f800:   0000000000000064 00007fad5b489338
0x000070000c15f810:   000070000c15f870 000000010dd4f494
0x000070000c15f820:   000070000c15f940 00000001167b07fc
0x000070000c15f830:   0000000000000001 00007fad5b48a390
0x000070000c15f840:   000000076eb00900 00007fad5c1ca000
0x000070000c15f850:   00007fad5c1ca000 00000001102b9a00
0x000070000c15f860:   000070000c15f968 00007fad5c1ca000
0x000070000c15f870:   000070000c15f8c0 00000001165ea268
0x000070000c15f880:   000000076eb0d840 00000001165d2066
0x000070000c15f890:   000070000c15f940 000000011671ea9c
0x000070000c15f8a0:   0000000110a4c71c 000070000c15f8e8
0x000070000c15f8b0:   0000000110a4c798 0000000000000000
0x000070000c15f8c0:   000070000c15f940 00000001163a22bd
0x000070000c15f8d0:   000070000c15f940 00000001163a22bd
0x000070000c15f8e0:   00000001163a22bd 000000076eb0d840
0x000070000c15f8f0:   0000000000000001 000000076eb00980
0x000070000c15f900:   000070000c15f8f0 000000011070a0b1
0x000070000c15f910:   000070000c15f968 000000011070a938
0x000070000c15f920:   0000000000000000 000000011070a1b8 

Instructions: (pc=0x00000001138082d7)
0x00000001138082b7:   c0 e9 82 00 00 00 48 8b 5e 10 48 85 db 75 0e bf
0x00000001138082c7:   01 00 00 00 48 8d 15 0a 7e 03 00 eb d6 49 89 fe
0x00000001138082d7:   4c 8b 3b 30 c0 e8 d9 a8 02 00 49 8b 3f 49 89 c4
0x00000001138082e7:   48 8b 35 d2 03 06 00 30 c0 e8 e5 a9 02 00 48 85 

Register to memory mapping:

RAX=0x00000000ffffffff is an unknown value
RBX=0x0000000000000002 is an unknown value
RCX=0x0000000000000047 is an unknown value
RDX=0x0000000113829370: Java_sun_java2d_opengl_OGLRenderQueue_flushBuffer+0xb5c in /Library/Java/JavaVirtualMachines/jdk1.8.0_121.jdk/Contents/Home/jre/lib/libawt_lwawt.dylib at 0x00000001137ec000
RSP=0x000070000c15f730 is pointing into the stack for thread: 0x00007fad5c1ca000
RBP=0x000070000c15f750 is pointing into the stack for thread: 0x00007fad5c1ca000
RSI=0x00007fad5b7242c0 is an unknown value
RDI=0x00007fad5c1ca1f8 is an unknown value
R8 =0x0000000000000100 is an unknown value
R9 =0x0000000001299916 is an unknown value
R10=0x000000011671d6b8 is at entry_point+56 in (nmethod*)0x000000011671d510
R11=0x000000011671ea40 is at entry_point+0 in (nmethod*)0x000000011671e8d0
R12=0x0000000000000000 is an unknown value
R13=0x000070000c15f8e8 is pointing into the stack for thread: 0x00007fad5c1ca000
R14=0x00007fad5c1ca1f8 is an unknown value
R15=0x00007fad5c1ca000 is a thread


Stack: [0x000070000c060000,0x000070000c160000],  sp=0x000070000c15f730,  free space=1021k
Native frames: (J=compiled Java code, j=interpreted, Vv=VM code, C=native code)
C  [libawt_lwawt.dylib+0x1c2d7]  OGLSD_SetScratchSurface+0x49
C  [libawt_lwawt.dylib+0x3ce4e]  Java_sun_java2d_opengl_OGLRenderQueue_flushBuffer+0x63a
J 1086  sun.java2d.opengl.OGLRenderQueue.flushBuffer(JI)V (0 bytes) @ 0x000000011671d72a [0x000000011671d680+0xaa]
J 1215 C1 sun.java2d.opengl.OGLRenderQueue.flushBuffer()V (41 bytes) @ 0x00000001167b07fc [0x00000001167b05a0+0x25c]
J 1083 C1 sun.java2d.opengl.OGLRenderQueue.access$100(Lsun/java2d/opengl/OGLRenderQueue;)V (5 bytes) @ 0x000000011671ea9c [0x000000011671ea40+0x5c]
j  sun.java2d.opengl.OGLRenderQueue$QueueFlusher.run()V+81
v  ~StubRoutines::call_stub
V  [libjvm.dylib+0x2ed9d6]  JavaCalls::call_helper(JavaValue*, methodHandle*, JavaCallArguments*, Thread*)+0x6ae
V  [libjvm.dylib+0x2ee164]  JavaCalls::call_virtual(JavaValue*, KlassHandle, Symbol*, Symbol*, JavaCallArguments*, Thread*)+0x164
V  [libjvm.dylib+0x2ee310]  JavaCalls::call_virtual(JavaValue*, Handle, KlassHandle, Symbol*, Symbol*, Thread*)+0x4a
V  [libjvm.dylib+0x348a5d]  thread_entry(JavaThread*, Thread*)+0x7c
V  [libjvm.dylib+0x56ab0f]  JavaThread::thread_main_inner()+0x9b
V  [libjvm.dylib+0x56c1fc]  JavaThread::run()+0x1c2
V  [libjvm.dylib+0x48a5b2]  java_start(Thread*)+0xf6
C  [libsystem_pthread.dylib+0x393b]  _pthread_body+0xb4
C  [libsystem_pthread.dylib+0x3887]  _pthread_body+0x0
C  [libsystem_pthread.dylib+0x308d]  thread_start+0xd
C  0x0000000000000000

Java frames: (J=compiled Java code, j=interpreted, Vv=VM code)
J 1086  sun.java2d.opengl.OGLRenderQueue.flushBuffer(JI)V (0 bytes) @ 0x000000011671d6b8 [0x000000011671d680+0x38]
J 1215 C1 sun.java2d.opengl.OGLRenderQueue.flushBuffer()V (41 bytes) @ 0x00000001167b07fc [0x00000001167b05a0+0x25c]
J 1083 C1 sun.java2d.opengl.OGLRenderQueue.access$100(Lsun/java2d/opengl/OGLRenderQueue;)V (5 bytes) @ 0x000000011671ea9c [0x000000011671ea40+0x5c]
j  sun.java2d.opengl.OGLRenderQueue$QueueFlusher.run()V+81
v  ~StubRoutines::call_stub

---------------  P R O C E S S  ---------------

Java Threads: ( => current thread )
  0x00007fad5c35f800 JavaThread "TimerQueue" daemon [_thread_blocked, id=71591, stack(0x000070000c3ec000,0x000070000c4ec000)]
  0x00007fad5c8bb800 JavaThread "DestroyJavaVM" [_thread_blocked, id=7171, stack(0x000070000afaa000,0x000070000b0aa000)]
  0x00007fad5c212000 JavaThread "AWT-EventQueue-0" [_thread_blocked, id=58627, stack(0x000070000c266000,0x000070000c366000)]
  0x00007fad5c1fa800 JavaThread "Java2D Disposer" daemon [_thread_blocked, id=57627, stack(0x000070000c163000,0x000070000c263000)]
=>0x00007fad5c1ca000 JavaThread "Java2D Queue Flusher" daemon [_thread_in_native, id=50703, stack(0x000070000c060000,0x000070000c160000)]
  0x00007fad5c14d800 JavaThread "AWT-Shutdown" [_thread_blocked, id=29727, stack(0x000070000be57000,0x000070000bf57000)]
  0x00007fad5b9b6000 JavaThread "AppKit Thread" daemon [_thread_in_native, id=775, stack(0x00007fff52380000,0x00007fff52b80000)]
  0x00007fad5c089000 JavaThread "Service Thread" daemon [_thread_blocked, id=18691, stack(0x000070000bbce000,0x000070000bcce000)]
  0x00007fad5c04e000 JavaThread "C1 CompilerThread2" daemon [_thread_blocked, id=18179, stack(0x000070000bacb000,0x000070000bbcb000)]
  0x00007fad5c04d800 JavaThread "C2 CompilerThread1" daemon [_thread_blocked, id=17667, stack(0x000070000b9c8000,0x000070000bac8000)]
  0x00007fad5c04b800 JavaThread "C2 CompilerThread0" daemon [_thread_blocked, id=17155, stack(0x000070000b8c5000,0x000070000b9c5000)]
  0x00007fad5c04a000 JavaThread "Signal Dispatcher" daemon [_thread_blocked, id=16643, stack(0x000070000b7c2000,0x000070000b8c2000)]
  0x00007fad5b822800 JavaThread "Finalizer" daemon [_thread_blocked, id=12547, stack(0x000070000b6bf000,0x000070000b7bf000)]
  0x00007fad5b81f800 JavaThread "Reference Handler" daemon [_thread_blocked, id=12035, stack(0x000070000b5bc000,0x000070000b6bc000)]

Other Threads:
  0x00007fad5c028000 VMThread [stack: 0x000070000b4b9000,0x000070000b5b9000] [id=11523]
  0x00007fad5d002800 WatcherThread [stack: 0x000070000bcd1000,0x000070000bdd1000] [id=19203]

VM state:not at safepoint (normal execution)

VM Mutex/Monitor currently owned by a thread: None

Heap:
 PSYoungGen      total 76288K, used 15369K [0x000000076ab00000, 0x0000000770000000, 0x00000007c0000000)
  eden space 65536K, 7% used [0x000000076ab00000,0x000000076af99988,0x000000076eb00000)
  from space 10752K, 99% used [0x000000076eb00000,0x000000076f568de8,0x000000076f580000)
  to   space 10752K, 0% used [0x000000076f580000,0x000000076f580000,0x0000000770000000)
 ParOldGen       total 175104K, used 24K [0x00000006c0000000, 0x00000006cab00000, 0x000000076ab00000)
  object space 175104K, 0% used [0x00000006c0000000,0x00000006c0006000,0x00000006cab00000)
 Metaspace       used 11428K, capacity 11624K, committed 11776K, reserved 1058816K
  class space    used 1367K, capacity 1418K, committed 1536K, reserved 1048576K

Card table byte_map: [0x000000010ed62000,0x000000010f563000] byte_map_base: 0x000000010b762000

Marking Bits: (ParMarkBitMap*) 0x000000010e2f0d30
 Begin Bits: [0x000000012539a000, 0x000000012939a000)
 End Bits:   [0x000000012939a000, 0x000000012d39a000)

Polling page: 0x000000010d140000

CodeCache: size=245760Kb used=4404Kb max_used=4432Kb free=241355Kb
 bounds [0x000000011639a000, 0x00000001167fa000, 0x000000012539a000]
 total_blobs=1822 nmethods=1310 adapters=425
 compilation: enabled

Compilation events (10 events):
Event: 170.511 Thread 0x00007fad5c04e000 1335       3       javax.swing.Timer::cancelEvent (9 bytes)
Event: 170.511 Thread 0x00007fad5c04e000 nmethod 1335 0x00000001164b0290 code [0x00000001164b0400, 0x00000001164b0650]
Event: 170.545 Thread 0x00007fad5c04e000 1338   !   3       java.lang.ref.Reference::tryHandlePending (115 bytes)
Event: 170.546 Thread 0x00007fad5c04e000 nmethod 1338 0x0000000116581690 code [0x00000001165818c0, 0x0000000116582588]
Event: 170.546 Thread 0x00007fad5c04e000 1339   !   3       java.lang.ref.ReferenceQueue::enqueue (119 bytes)
Event: 170.547 Thread 0x00007fad5c04e000 nmethod 1339 0x00000001165852d0 code [0x0000000116585480, 0x0000000116585c08]
Event: 170.547 Thread 0x00007fad5c04e000 1340       3       sun.misc.VM::addFinalRefCount (24 bytes)
Event: 170.547 Thread 0x00007fad5c04e000 nmethod 1340 0x000000011649ad10 code [0x000000011649ae80, 0x000000011649b030]
Event: 170.552 Thread 0x00007fad5c04e000 1341       1       java.awt.RenderingHints$Key::intKey (5 bytes)
Event: 170.553 Thread 0x00007fad5c04e000 nmethod 1341 0x0000000116584fd0 code [0x0000000116585120, 0x0000000116585230]

GC Heap History (2 events):
Event: 170.514 GC heap before
{Heap before GC invocations=1 (full 0):
 PSYoungGen      total 76288K, used 65536K [0x000000076ab00000, 0x0000000770000000, 0x00000007c0000000)
  eden space 65536K, 100% used [0x000000076ab00000,0x000000076eb00000,0x000000076eb00000)
  from space 10752K, 0% used [0x000000076f580000,0x000000076f580000,0x0000000770000000)
  to   space 10752K, 0% used [0x000000076eb00000,0x000000076eb00000,0x000000076f580000)
 ParOldGen       total 175104K, used 0K [0x00000006c0000000, 0x00000006cab00000, 0x000000076ab00000)
  object space 175104K, 0% used [0x00000006c0000000,0x00000006c0000000,0x00000006cab00000)
 Metaspace       used 11425K, capacity 11624K, committed 11776K, reserved 1058816K
  class space    used 1367K, capacity 1418K, committed 1536K, reserved 1048576K
Event: 170.544 GC heap after
Heap after GC invocations=1 (full 0):
 PSYoungGen      total 76288K, used 10659K [0x000000076ab00000, 0x0000000770000000, 0x00000007c0000000)
  eden space 65536K, 0% used [0x000000076ab00000,0x000000076ab00000,0x000000076eb00000)
  from space 10752K, 99% used [0x000000076eb00000,0x000000076f568de8,0x000000076f580000)
  to   space 10752K, 0% used [0x000000076f580000,0x000000076f580000,0x0000000770000000)
 ParOldGen       total 175104K, used 24K [0x00000006c0000000, 0x00000006cab00000, 0x000000076ab00000)
  object space 175104K, 0% used [0x00000006c0000000,0x00000006c0006000,0x00000006cab00000)
 Metaspace       used 11425K, capacity 11624K, committed 11776K, reserved 1058816K
  class space    used 1367K, capacity 1418K, committed 1536K, reserved 1048576K
}

Deoptimization events (8 events):
Event: 3.054 Thread 0x00007fad5c212000 Uncommon trap: reason=unstable_if action=reinterpret pc=0x0000000116573400 method=java.lang.String.toLowerCase(Ljava/util/Locale;)Ljava/lang/String; @ 85
Event: 3.060 Thread 0x00007fad5c212000 Uncommon trap: reason=unstable_if action=reinterpret pc=0x0000000116585ca4 method=java.io.BufferedInputStream.read()I @ 8
Event: 68.918 Thread 0x00007fad5c212000 Uncommon trap: reason=unstable_if action=reinterpret pc=0x00000001166c0eb4 method=java.awt.Component.inside(II)Z @ 9
Event: 71.495 Thread 0x00007fad5c212000 Uncommon trap: reason=class_check action=maybe_recompile pc=0x000000011650299c method=java.lang.String.equals(Ljava/lang/Object;)Z @ 8
Event: 71.495 Thread 0x00007fad5c212000 Uncommon trap: reason=class_check action=maybe_recompile pc=0x000000011650299c method=java.lang.String.equals(Ljava/lang/Object;)Z @ 8
Event: 96.371 Thread 0x00007fad5c212000 Uncommon trap: reason=class_check action=maybe_recompile pc=0x000000011650299c method=java.lang.String.equals(Ljava/lang/Object;)Z @ 8
Event: 96.371 Thread 0x00007fad5c212000 Uncommon trap: reason=class_check action=maybe_recompile pc=0x000000011650299c method=java.lang.String.equals(Ljava/lang/Object;)Z @ 8
Event: 170.545 Thread 0x00007fad5c212000 Uncommon trap: reason=unstable_if action=reinterpret pc=0x00000001167cbbe4 method=java.lang.ref.SoftReference.get()Ljava/lang/Object; @ 17

Internal exceptions (10 events):
Event: 0.080 Thread 0x00007fad5c002800 Exception <a 'java/lang/NoSuchMethodError': Method sun.misc.Unsafe.prefetchRead(Ljava/lang/Object;J)V name or signature does not match> (0x000000076ab07f90) thrown at [/Users/java_re/workspace/8-2-build-macosx-x86_64/jdk8u121/8372/hotspot/src/share/vm/pri
Event: 0.195 Thread 0x00007fad5c002800 Exception <a 'java/security/PrivilegedActionException'> (0x000000076ab97528) thrown at [/Users/java_re/workspace/8-2-build-macosx-x86_64/jdk8u121/8372/hotspot/src/share/vm/prims/jvm.cpp, line 1390]
Event: 0.195 Thread 0x00007fad5c002800 Exception <a 'java/security/PrivilegedActionException'> (0x000000076ab97738) thrown at [/Users/java_re/workspace/8-2-build-macosx-x86_64/jdk8u121/8372/hotspot/src/share/vm/prims/jvm.cpp, line 1390]
Event: 0.195 Thread 0x00007fad5c002800 Exception <a 'java/security/PrivilegedActionException'> (0x000000076ab9aa68) thrown at [/Users/java_re/workspace/8-2-build-macosx-x86_64/jdk8u121/8372/hotspot/src/share/vm/prims/jvm.cpp, line 1390]
Event: 0.195 Thread 0x00007fad5c002800 Exception <a 'java/security/PrivilegedActionException'> (0x000000076ab9ac78) thrown at [/Users/java_re/workspace/8-2-build-macosx-x86_64/jdk8u121/8372/hotspot/src/share/vm/prims/jvm.cpp, line 1390]
Event: 0.263 Thread 0x00007fad5c002800 Exception <a 'java/lang/NoSuchFieldError': method resolution failed> (0x000000076adaf9e0) thrown at [/Users/java_re/workspace/8-2-build-macosx-x86_64/jdk8u121/8372/hotspot/src/share/vm/prims/methodHandles.cpp, line 1146]
Event: 0.265 Thread 0x00007fad5c002800 Exception <a 'java/lang/NoSuchFieldError': method resolution failed> (0x000000076adbd1b0) thrown at [/Users/java_re/workspace/8-2-build-macosx-x86_64/jdk8u121/8372/hotspot/src/share/vm/prims/methodHandles.cpp, line 1146]
Event: 0.552 Thread 0x00007fad5c002800 Exception <a 'java/io/FileNotFoundException'> (0x000000076ae37f08) thrown at [/Users/java_re/workspace/8-2-build-macosx-x86_64/jdk8u121/8372/hotspot/src/share/vm/prims/jni.cpp, line 709]
Event: 0.552 Thread 0x00007fad5c002800 Exception <a 'java/io/FileNotFoundException'> (0x000000076ae38a68) thrown at [/Users/java_re/workspace/8-2-build-macosx-x86_64/jdk8u121/8372/hotspot/src/share/vm/prims/jni.cpp, line 709]
Event: 170.545 Thread 0x00007fad5b822800 Exception <a 'java/lang/NullPointerException'> (0x000000076ae51e88) thrown at [/Users/java_re/workspace/8-2-build-macosx-x86_64/jdk8u121/8372/hotspot/src/share/vm/interpreter/linkResolver.cpp, line 1178]

Events (10 events):
Event: 170.510 Thread 0x00007fad5c04e000 flushing nmethod 0x0000000116584fd0
Event: 170.510 Thread 0x00007fad5c04e000 flushing nmethod 0x0000000116585910
Event: 170.511 Thread 0x00007fad5c04e000 flushing nmethod 0x0000000116587f90
Event: 170.511 Thread 0x00007fad5c04e000 flushing nmethod 0x0000000116588650
Event: 170.511 Thread 0x00007fad5c04e000 flushing nmethod 0x000000011659cd90
Event: 170.514 Executing VM operation: ParallelGCFailedAllocation
Event: 170.544 Executing VM operation: ParallelGCFailedAllocation done
Event: 170.545 Thread 0x00007fad5c212000 Uncommon trap: trap_request=0xffffff65 fr.pc=0x00000001167cbbe4
Event: 170.545 Thread 0x00007fad5c212000 DEOPT PACKING pc=0x00000001167cbbe4 sp=0x000070000c3629e0
Event: 170.545 Thread 0x00007fad5c212000 DEOPT UNPACKING pc=0x000000011639f229 sp=0x000070000c3629a0 mode 2


Dynamic libraries:
0x0000000046d29000 	/System/Library/Frameworks/Cocoa.framework/Versions/A/Cocoa
0x0000000046d29000 	/System/Library/Frameworks/Security.framework/Versions/A/Security
0x0000000046d29000 	/System/Library/Frameworks/ApplicationServices.framework/Versions/A/ApplicationServices
0x0000000046d29000 	/usr/lib/libz.1.dylib
0x0000000046d29000 	/usr/lib/libSystem.B.dylib
0x0000000046d29000 	/usr/lib/libobjc.A.dylib
0x0000000046d29000 	/System/Library/Frameworks/CoreFoundation.framework/Versions/A/CoreFoundation
0x0000000046d29000 	/System/Library/Frameworks/Foundation.framework/Versions/C/Foundation
0x0000000046d29000 	/System/Library/Frameworks/AppKit.framework/Versions/C/AppKit
0x0000000046d29000 	/System/Library/Frameworks/CoreData.framework/Versions/A/CoreData
0x0000000046d29000 	/System/Library/PrivateFrameworks/RemoteViewServices.framework/Versions/A/RemoteViewServices
0x0000000046d29000 	/System/Library/PrivateFrameworks/UIFoundation.framework/Versions/A/UIFoundation
0x0000000046d29000 	/System/Library/PrivateFrameworks/DFRFoundation.framework/Versions/A/DFRFoundation
0x0000000046d29000 	/usr/lib/libenergytrace.dylib
0x0000000046d29000 	/System/Library/PrivateFrameworks/SkyLight.framework/Versions/A/SkyLight
0x0000000046d29000 	/System/Library/Frameworks/CoreGraphics.framework/Versions/A/CoreGraphics
0x0000000046d29000 	/usr/lib/libScreenReader.dylib
0x0000000046d29000 	/System/Library/Frameworks/Accelerate.framework/Versions/A/Accelerate
0x0000000046d29000 	/System/Library/Frameworks/IOSurface.framework/Versions/A/IOSurface
0x0000000046d29000 	/System/Library/Frameworks/AudioToolbox.framework/Versions/A/AudioToolbox
0x0000000046d29000 	/System/Library/Frameworks/AudioUnit.framework/Versions/A/AudioUnit
0x0000000046d29000 	/System/Library/PrivateFrameworks/DataDetectorsCore.framework/Versions/A/DataDetectorsCore
0x0000000046d29000 	/System/Library/PrivateFrameworks/DesktopServicesPriv.framework/Versions/A/DesktopServicesPriv
0x0000000046d29000 	/System/Library/Frameworks/Carbon.framework/Versions/A/Frameworks/HIToolbox.framework/Versions/A/HIToolbox
0x0000000046d29000 	/usr/lib/libicucore.A.dylib
0x0000000046d29000 	/System/Library/Frameworks/QuartzCore.framework/Versions/A/QuartzCore
0x0000000046d29000 	/System/Library/Frameworks/Carbon.framework/Versions/A/Frameworks/SpeechRecognition.framework/Versions/A/SpeechRecognition
0x0000000046d29000 	/usr/lib/libauto.dylib
0x0000000046d29000 	/usr/lib/libxml2.2.dylib
0x0000000046d29000 	/System/Library/PrivateFrameworks/CoreUI.framework/Versions/A/CoreUI
0x0000000046d29000 	/System/Library/Frameworks/CoreAudio.framework/Versions/A/CoreAudio
0x0000000046d29000 	/System/Library/Frameworks/DiskArbitration.framework/Versions/A/DiskArbitration
0x0000000046d29000 	/usr/lib/liblangid.dylib
0x0000000046d29000 	/System/Library/PrivateFrameworks/MultitouchSupport.framework/Versions/A/MultitouchSupport
0x0000000046d29000 	/System/Library/Frameworks/IOKit.framework/Versions/A/IOKit
0x0000000046d29000 	/usr/lib/libDiagnosticMessagesClient.dylib
0x0000000046d29000 	/System/Library/Frameworks/CoreServices.framework/Versions/A/CoreServices
0x0000000046d29000 	/System/Library/PrivateFrameworks/PerformanceAnalysis.framework/Versions/A/PerformanceAnalysis
0x0000000046d29000 	/System/Library/PrivateFrameworks/GenerationalStorage.framework/Versions/A/GenerationalStorage
0x0000000046d29000 	/System/Library/Frameworks/OpenGL.framework/Versions/A/OpenGL
0x0000000046d29000 	/System/Library/Frameworks/CoreImage.framework/Versions/A/CoreImage
0x0000000046d29000 	/System/Library/Frameworks/CoreText.framework/Versions/A/CoreText
0x0000000046d29000 	/System/Library/Frameworks/ImageIO.framework/Versions/A/ImageIO
0x0000000046d29000 	/System/Library/PrivateFrameworks/Backup.framework/Versions/A/Backup
0x0000000046d29000 	/usr/lib/libarchive.2.dylib
0x0000000046d29000 	/System/Library/Frameworks/CFNetwork.framework/Versions/A/CFNetwork
0x0000000046d29000 	/System/Library/Frameworks/SystemConfiguration.framework/Versions/A/SystemConfiguration
0x0000000046d29000 	/usr/lib/libCRFSuite.dylib
0x0000000046d29000 	/usr/lib/libc++.1.dylib
0x0000000046d29000 	/usr/lib/libc++abi.dylib
0x0000000046d29000 	/usr/lib/system/libcache.dylib
0x0000000046d29000 	/usr/lib/system/libcommonCrypto.dylib
0x0000000046d29000 	/usr/lib/system/libcompiler_rt.dylib
0x0000000046d29000 	/usr/lib/system/libcopyfile.dylib
0x0000000046d29000 	/usr/lib/system/libcorecrypto.dylib
0x0000000046d29000 	/usr/lib/system/libdispatch.dylib
0x0000000046d29000 	/usr/lib/system/libdyld.dylib
0x0000000046d29000 	/usr/lib/system/libkeymgr.dylib
0x0000000046d29000 	/usr/lib/system/liblaunch.dylib
0x0000000046d29000 	/usr/lib/system/libmacho.dylib
0x0000000046d29000 	/usr/lib/system/libquarantine.dylib
0x0000000046d29000 	/usr/lib/system/libremovefile.dylib
0x0000000046d29000 	/usr/lib/system/libsystem_asl.dylib
0x0000000046d29000 	/usr/lib/system/libsystem_blocks.dylib
0x0000000046d29000 	/usr/lib/system/libsystem_c.dylib
0x0000000046d29000 	/usr/lib/system/libsystem_configuration.dylib
0x0000000046d29000 	/usr/lib/system/libsystem_coreservices.dylib
0x0000000046d29000 	/usr/lib/system/libsystem_coretls.dylib
0x0000000046d29000 	/usr/lib/system/libsystem_dnssd.dylib
0x0000000046d29000 	/usr/lib/system/libsystem_info.dylib
0x0000000046d29000 	/usr/lib/system/libsystem_kernel.dylib
0x0000000046d29000 	/usr/lib/system/libsystem_m.dylib
0x0000000046d29000 	/usr/lib/system/libsystem_malloc.dylib
0x0000000046d29000 	/usr/lib/system/libsystem_network.dylib
0x0000000046d29000 	/usr/lib/system/libsystem_networkextension.dylib
0x0000000046d29000 	/usr/lib/system/libsystem_notify.dylib
0x0000000046d29000 	/usr/lib/system/libsystem_platform.dylib
0x0000000046d29000 	/usr/lib/system/libsystem_pthread.dylib
0x0000000046d29000 	/usr/lib/system/libsystem_sandbox.dylib
0x0000000046d29000 	/usr/lib/system/libsystem_secinit.dylib
0x0000000046d29000 	/usr/lib/system/libsystem_symptoms.dylib
0x0000000046d29000 	/usr/lib/system/libsystem_trace.dylib
0x0000000046d29000 	/usr/lib/system/libunwind.dylib
0x0000000046d29000 	/usr/lib/system/libxpc.dylib
0x0000000046d29000 	/usr/lib/libbsm.0.dylib
0x0000000046d29000 	/usr/lib/system/libkxld.dylib
0x0000000046d29000 	/usr/lib/libcoretls.dylib
0x0000000046d29000 	/usr/lib/libcoretls_cfhelpers.dylib
0x0000000046d29000 	/usr/lib/libOpenScriptingUtil.dylib
0x0000000046d29000 	/usr/lib/libpam.2.dylib
0x0000000046d29000 	/usr/lib/libsqlite3.dylib
0x0000000046d29000 	/usr/lib/libxar.1.dylib
0x0000000046d29000 	/usr/lib/libbz2.1.0.dylib
0x0000000046d29000 	/usr/lib/liblzma.5.dylib
0x0000000046d29000 	/usr/lib/libnetwork.dylib
0x0000000046d29000 	/usr/lib/libpcap.A.dylib
0x0000000046d29000 	/System/Library/Frameworks/CoreServices.framework/Versions/A/Frameworks/FSEvents.framework/Versions/A/FSEvents
0x0000000046d29000 	/System/Library/Frameworks/CoreServices.framework/Versions/A/Frameworks/CarbonCore.framework/Versions/A/CarbonCore
0x0000000046d29000 	/System/Library/Frameworks/CoreServices.framework/Versions/A/Frameworks/Metadata.framework/Versions/A/Metadata
0x0000000046d29000 	/System/Library/Frameworks/CoreServices.framework/Versions/A/Frameworks/OSServices.framework/Versions/A/OSServices
0x0000000046d29000 	/System/Library/Frameworks/CoreServices.framework/Versions/A/Frameworks/SearchKit.framework/Versions/A/SearchKit
0x0000000046d29000 	/System/Library/Frameworks/CoreServices.framework/Versions/A/Frameworks/AE.framework/Versions/A/AE
0x0000000046d29000 	/System/Library/Frameworks/CoreServices.framework/Versions/A/Frameworks/LaunchServices.framework/Versions/A/LaunchServices
0x0000000046d29000 	/System/Library/Frameworks/CoreServices.framework/Versions/A/Frameworks/DictionaryServices.framework/Versions/A/DictionaryServices
0x0000000046d29000 	/System/Library/Frameworks/CoreServices.framework/Versions/A/Frameworks/SharedFileList.framework/Versions/A/SharedFileList
0x0000000046d29000 	/System/Library/Frameworks/NetFS.framework/Versions/A/NetFS
0x0000000046d29000 	/System/Library/PrivateFrameworks/NetAuth.framework/Versions/A/NetAuth
0x0000000046d29000 	/System/Library/PrivateFrameworks/login.framework/Versions/A/Frameworks/loginsupport.framework/Versions/A/loginsupport
0x0000000046d29000 	/System/Library/PrivateFrameworks/TCC.framework/Versions/A/TCC
0x0000000046d29000 	/usr/lib/libmecabra.dylib
0x0000000046d29000 	/System/Library/Frameworks/ApplicationServices.framework/Versions/A/Frameworks/ATS.framework/Versions/A/ATS
0x0000000046d29000 	/System/Library/Frameworks/ApplicationServices.framework/Versions/A/Frameworks/ColorSync.framework/Versions/A/ColorSync
0x0000000046d29000 	/System/Library/Frameworks/ApplicationServices.framework/Versions/A/Frameworks/HIServices.framework/Versions/A/HIServices
0x0000000046d29000 	/System/Library/Frameworks/ApplicationServices.framework/Versions/A/Frameworks/LangAnalysis.framework/Versions/A/LangAnalysis
0x0000000046d29000 	/System/Library/Frameworks/ApplicationServices.framework/Versions/A/Frameworks/PrintCore.framework/Versions/A/PrintCore
0x0000000046d29000 	/System/Library/Frameworks/ApplicationServices.framework/Versions/A/Frameworks/QD.framework/Versions/A/QD
0x0000000046d29000 	/System/Library/Frameworks/ApplicationServices.framework/Versions/A/Frameworks/SpeechSynthesis.framework/Versions/A/SpeechSynthesis
0x0000000046d29000 	/System/Library/Frameworks/Accelerate.framework/Versions/A/Frameworks/vImage.framework/Versions/A/vImage
0x0000000046d29000 	/System/Library/Frameworks/Accelerate.framework/Versions/A/Frameworks/vecLib.framework/Versions/A/vecLib
0x0000000046d29000 	/System/Library/Frameworks/Accelerate.framework/Versions/A/Frameworks/vecLib.framework/Versions/A/libvDSP.dylib
0x0000000046d29000 	/System/Library/Frameworks/Accelerate.framework/Versions/A/Frameworks/vecLib.framework/Versions/A/libBNNS.dylib
0x0000000046d29000 	/System/Library/Frameworks/Accelerate.framework/Versions/A/Frameworks/vecLib.framework/Versions/A/libQuadrature.dylib
0x0000000046d29000 	/System/Library/Frameworks/Accelerate.framework/Versions/A/Frameworks/vecLib.framework/Versions/A/libvMisc.dylib
0x0000000046d29000 	/System/Library/Frameworks/Accelerate.framework/Versions/A/Frameworks/vecLib.framework/Versions/A/libLAPACK.dylib
0x0000000046d29000 	/System/Library/Frameworks/Accelerate.framework/Versions/A/Frameworks/vecLib.framework/Versions/A/libBLAS.dylib
0x0000000046d29000 	/System/Library/Frameworks/Accelerate.framework/Versions/A/Frameworks/vecLib.framework/Versions/A/libLinearAlgebra.dylib
0x0000000046d29000 	/System/Library/Frameworks/Accelerate.framework/Versions/A/Frameworks/vecLib.framework/Versions/A/libSparseBLAS.dylib
0x0000000046d29000 	/System/Library/Frameworks/ApplicationServices.framework/Versions/A/Frameworks/ATS.framework/Versions/A/Resources/libFontParser.dylib
0x0000000046d29000 	/System/Library/Frameworks/ApplicationServices.framework/Versions/A/Frameworks/ATS.framework/Versions/A/Resources/libFontRegistry.dylib
0x0000000046d29000 	/System/Library/Frameworks/ImageIO.framework/Versions/A/Resources/libJPEG.dylib
0x0000000046d29000 	/System/Library/Frameworks/ImageIO.framework/Versions/A/Resources/libTIFF.dylib
0x0000000046d29000 	/System/Library/Frameworks/ImageIO.framework/Versions/A/Resources/libPng.dylib
0x0000000046d29000 	/System/Library/Frameworks/ImageIO.framework/Versions/A/Resources/libGIF.dylib
0x0000000046d29000 	/System/Library/Frameworks/ImageIO.framework/Versions/A/Resources/libJP2.dylib
0x0000000046d29000 	/System/Library/Frameworks/ImageIO.framework/Versions/A/Resources/libRadiance.dylib
0x0000000046d29000 	/usr/lib/libcompression.dylib
0x0000000046d29000 	/System/Library/PrivateFrameworks/AppleJPEG.framework/Versions/A/AppleJPEG
0x0000000046d29000 	/usr/lib/libcups.2.dylib
0x0000000046d29000 	/System/Library/Frameworks/Kerberos.framework/Versions/A/Kerberos
0x0000000046d29000 	/System/Library/Frameworks/GSS.framework/Versions/A/GSS
0x0000000046d29000 	/usr/lib/libresolv.9.dylib
0x0000000046d29000 	/usr/lib/libiconv.2.dylib
0x0000000046d29000 	/System/Library/PrivateFrameworks/Heimdal.framework/Versions/A/Heimdal
0x0000000046d29000 	/usr/lib/libheimdal-asn1.dylib
0x0000000046d29000 	/System/Library/Frameworks/OpenDirectory.framework/Versions/A/OpenDirectory
0x0000000046d29000 	/System/Library/PrivateFrameworks/CommonAuth.framework/Versions/A/CommonAuth
0x0000000046d29000 	/System/Library/Frameworks/OpenDirectory.framework/Versions/A/Frameworks/CFOpenDirectory.framework/Versions/A/CFOpenDirectory
0x0000000046d29000 	/System/Library/Frameworks/SecurityFoundation.framework/Versions/A/SecurityFoundation
0x0000000046d29000 	/System/Library/PrivateFrameworks/LanguageModeling.framework/Versions/A/LanguageModeling
0x0000000046d29000 	/usr/lib/libmarisa.dylib
0x0000000046d29000 	/usr/lib/libChineseTokenizer.dylib
0x0000000046d29000 	/usr/lib/libcmph.dylib
0x0000000046d29000 	/System/Library/PrivateFrameworks/CoreEmoji.framework/Versions/A/CoreEmoji
0x0000000046d29000 	/System/Library/Frameworks/ServiceManagement.framework/Versions/A/ServiceManagement
0x0000000046d29000 	/usr/lib/libxslt.1.dylib
0x0000000046d29000 	/System/Library/Frameworks/Carbon.framework/Versions/A/Frameworks/Ink.framework/Versions/A/Ink
0x0000000046d29000 	/System/Library/PrivateFrameworks/TextureIO.framework/Versions/A/TextureIO
0x0000000046d29000 	/System/Library/Frameworks/Metal.framework/Versions/A/Metal
0x0000000046d29000 	/usr/lib/libate.dylib
0x0000000046d29000 	/System/Library/PrivateFrameworks/GPUCompiler.framework/libmetal_timestamp.dylib
0x0000000046d29000 	/System/Library/Frameworks/OpenGL.framework/Versions/A/Libraries/libCoreFSCache.dylib
0x0000000046d29000 	/System/Library/PrivateFrameworks/IOAccelerator.framework/Versions/A/IOAccelerator
0x0000000046d29000 	/System/Library/Frameworks/CoreVideo.framework/Versions/A/CoreVideo
0x0000000046d29000 	/usr/lib/libFosl_dynamic.dylib
0x0000000046d29000 	/System/Library/PrivateFrameworks/MetalPerformanceShaders.framework/Versions/A/MetalPerformanceShaders
0x0000000046d29000 	/System/Library/PrivateFrameworks/FaceCore.framework/Versions/A/FaceCore
0x0000000046d29000 	/System/Library/Frameworks/OpenCL.framework/Versions/A/OpenCL
0x0000000046d29000 	/System/Library/Frameworks/OpenGL.framework/Versions/A/Libraries/libGLU.dylib
0x0000000046d29000 	/System/Library/Frameworks/OpenGL.framework/Versions/A/Libraries/libGFXShared.dylib
0x0000000046d29000 	/System/Library/Frameworks/OpenGL.framework/Versions/A/Libraries/libGL.dylib
0x0000000046d29000 	/System/Library/Frameworks/OpenGL.framework/Versions/A/Libraries/libGLImage.dylib
0x0000000046d29000 	/System/Library/Frameworks/OpenGL.framework/Versions/A/Libraries/libCVMSPluginSupport.dylib
0x0000000046d29000 	/System/Library/Frameworks/OpenGL.framework/Versions/A/Libraries/libCoreVMClient.dylib
0x0000000046d29000 	/System/Library/PrivateFrameworks/CrashReporterSupport.framework/Versions/A/CrashReporterSupport
0x0000000046d29000 	/System/Library/PrivateFrameworks/Sharing.framework/Versions/A/Sharing
0x0000000046d29000 	/System/Library/PrivateFrameworks/IconServices.framework/Versions/A/IconServices
0x0000000046d29000 	/System/Library/PrivateFrameworks/ProtocolBuffer.framework/Versions/A/ProtocolBuffer
0x0000000046d29000 	/System/Library/PrivateFrameworks/Apple80211.framework/Versions/A/Apple80211
0x0000000046d29000 	/System/Library/Frameworks/CoreWLAN.framework/Versions/A/CoreWLAN
0x0000000046d29000 	/System/Library/PrivateFrameworks/CoreUtils.framework/Versions/A/CoreUtils
0x0000000046d29000 	/System/Library/Frameworks/IOBluetooth.framework/Versions/A/IOBluetooth
0x0000000046d29000 	/System/Library/PrivateFrameworks/CoreWiFi.framework/Versions/A/CoreWiFi
0x0000000046d29000 	/System/Library/Frameworks/CoreBluetooth.framework/Versions/A/CoreBluetooth
0x0000000046d29000 	/System/Library/Frameworks/CoreDisplay.framework/Versions/A/CoreDisplay
0x0000000046d29000 	/System/Library/PrivateFrameworks/IOPresentment.framework/Versions/A/IOPresentment
0x0000000046d29000 	/System/Library/PrivateFrameworks/DSExternalDisplay.framework/Versions/A/DSExternalDisplay
0x0000000046d29000 	/System/Library/PrivateFrameworks/DebugSymbols.framework/Versions/A/DebugSymbols
0x0000000046d29000 	/System/Library/PrivateFrameworks/CoreSymbolication.framework/Versions/A/CoreSymbolication
0x0000000046d29000 	/System/Library/PrivateFrameworks/Symbolication.framework/Versions/A/Symbolication
0x0000000046d29000 	/System/Library/PrivateFrameworks/AppleFSCompression.framework/Versions/A/AppleFSCompression
0x0000000046d29000 	/System/Library/PrivateFrameworks/SpeechRecognitionCore.framework/Versions/A/SpeechRecognitionCore
0x0000000046d29000 	/System/Library/PrivateFrameworks/ChunkingLibrary.framework/Versions/A/ChunkingLibrary
0x000000010da00000 	/Library/Java/JavaVirtualMachines/jdk1.8.0_121.jdk/Contents/Home/jre/lib/server/libjvm.dylib
0x0000000046d29000 	/usr/lib/libstdc++.6.dylib
0x000000010d0fd000 	/Library/Java/JavaVirtualMachines/jdk1.8.0_121.jdk/Contents/Home/jre/lib/libverify.dylib
0x000000010d10b000 	/Library/Java/JavaVirtualMachines/jdk1.8.0_121.jdk/Contents/Home/jre/lib/libjava.dylib
0x000000010d14a000 	/Library/Java/JavaVirtualMachines/jdk1.8.0_121.jdk/Contents/Home/jre/lib/libzip.dylib
0x0000000111d40000 	/System/Library/Frameworks/JavaVM.framework/Frameworks/JavaRuntimeSupport.framework/JavaRuntimeSupport
0x0000000111d5a000 	/System/Library/Frameworks/JavaVM.framework/Versions/A/Frameworks/JavaNativeFoundation.framework/Versions/A/JavaNativeFoundation
0x000000010d1ec000 	/System/Library/Frameworks/JavaVM.framework/Versions/A/JavaVM
0x0000000046d29000 	/System/Library/Frameworks/Carbon.framework/Versions/A/Carbon
0x0000000111d6f000 	/System/Library/PrivateFrameworks/JavaLaunching.framework/Versions/A/JavaLaunching
0x0000000046d29000 	/System/Library/Frameworks/Carbon.framework/Versions/A/Frameworks/CommonPanels.framework/Versions/A/CommonPanels
0x0000000046d29000 	/System/Library/Frameworks/Carbon.framework/Versions/A/Frameworks/Help.framework/Versions/A/Help
0x0000000046d29000 	/System/Library/Frameworks/Carbon.framework/Versions/A/Frameworks/ImageCapture.framework/Versions/A/ImageCapture
0x0000000046d29000 	/System/Library/Frameworks/Carbon.framework/Versions/A/Frameworks/OpenScripting.framework/Versions/A/OpenScripting
0x0000000046d29000 	/System/Library/Frameworks/Carbon.framework/Versions/A/Frameworks/Print.framework/Versions/A/Print
0x0000000046d29000 	/System/Library/Frameworks/Carbon.framework/Versions/A/Frameworks/SecurityHI.framework/Versions/A/SecurityHI
0x0000000113678000 	/Library/Java/JavaVirtualMachines/jdk1.8.0_121.jdk/Contents/Home/jre/lib/libawt.dylib
0x0000000113720000 	/Library/Java/JavaVirtualMachines/jdk1.8.0_121.jdk/Contents/Home/jre/lib/./libmlib_image.dylib
0x00000001137ec000 	/Library/Java/JavaVirtualMachines/jdk1.8.0_121.jdk/Contents/Home/jre/lib/libawt_lwawt.dylib
0x00000001138a3000 	/Library/Java/JavaVirtualMachines/jdk1.8.0_121.jdk/Contents/Home/jre/lib/./libosxapp.dylib
0x0000000046d29000 	/System/Library/Frameworks/ExceptionHandling.framework/Versions/A/ExceptionHandling
0x0000000046d29000 	/System/Library/PrivateFrameworks/CoreServicesInternal.framework/Versions/A/CoreServicesInternal
0x0000000046d29000 	/System/Library/CoreServices/RawCamera.bundle/Contents/MacOS/RawCamera
0x0000000046d29000 	/System/Library/Frameworks/Accelerate.framework/Versions/A/Frameworks/vImage.framework/Versions/A/Libraries/libCGInterfaces.dylib
0x0000000046d29000 	/System/Library/Frameworks/ApplicationServices.framework/Versions/A/Frameworks/ATS.framework/Versions/A/Resources/libTrueTypeScaler.dylib
0x0000000115714000 	/System/Library/Frameworks/OpenGL.framework/Resources/GLEngine.bundle/GLEngine
0x0000000046d29000 	/System/Library/Frameworks/OpenGL.framework/Versions/A/Libraries/libGLProgrammability.dylib
0x000000012d39a000 	/System/Library/Extensions/AppleIntelSKLGraphicsGLDriver.bundle/Contents/MacOS/AppleIntelSKLGraphicsGLDriver
0x0000000046d29000 	/System/Library/PrivateFrameworks/GPUSupport.framework/Versions/A/Libraries/libGPUSupportMercury.dylib
0x00000001158fc000 	/System/Library/Frameworks/OpenGL.framework/Resources//GLRendererFloat.bundle/GLRendererFloat
0x0000000046d29000 	/System/Library/Frameworks/OpenCL.framework/Versions/A/Libraries/libcldcpuengine.dylib
0x0000000046d29000 	/usr/lib/libcrypto.0.9.8.dylib
0x0000000046d29000 	/System/Library/PrivateFrameworks/TrustEvaluationAgent.framework/Versions/A/TrustEvaluationAgent
0x0000000115930000 	/System/Library/Extensions/AppleIntelSKLGraphicsMTLDriver.bundle/Contents/MacOS/AppleIntelSKLGraphicsMTLDriver
0x0000000046d29000 	/System/Library/PrivateFrameworks/FamilyControls.framework/Versions/A/FamilyControls
0x0000000046d29000 	/System/Library/PrivateFrameworks/CommerceKit.framework/Versions/A/Frameworks/CommerceCore.framework/Versions/A/CommerceCore
0x0000000046d29000 	/System/Library/PrivateFrameworks/SystemAdministration.framework/Versions/A/SystemAdministration
0x0000000046d29000 	/System/Library/PrivateFrameworks/AppContainer.framework/Versions/A/AppContainer
0x0000000046d29000 	/System/Library/PrivateFrameworks/SecCodeWrapper.framework/Versions/A/SecCodeWrapper
0x0000000046d29000 	/System/Library/Frameworks/DirectoryService.framework/Versions/A/DirectoryService
0x0000000046d29000 	/System/Library/PrivateFrameworks/DiskImages.framework/Versions/A/DiskImages
0x0000000046d29000 	/System/Library/PrivateFrameworks/LoginUIKit.framework/Versions/A/Frameworks/LoginUICore.framework/Versions/A/LoginUICore
0x0000000046d29000 	/usr/lib/libCoreStorage.dylib
0x0000000046d29000 	/usr/lib/libcsfde.dylib
0x0000000046d29000 	/usr/lib/libodfde.dylib
0x0000000046d29000 	/System/Library/Frameworks/DiscRecording.framework/Versions/A/DiscRecording
0x0000000046d29000 	/usr/lib/libcurl.4.dylib
0x0000000046d29000 	/System/Library/PrivateFrameworks/MediaKit.framework/Versions/A/MediaKit
0x0000000046d29000 	/System/Library/PrivateFrameworks/ProtectedCloudStorage.framework/Versions/A/ProtectedCloudStorage
0x0000000046d29000 	/System/Library/PrivateFrameworks/EFILogin.framework/Versions/A/EFILogin
0x0000000046d29000 	/usr/lib/libutil.dylib
0x0000000046d29000 	/System/Library/Frameworks/LDAP.framework/Versions/A/LDAP
0x0000000046d29000 	/usr/lib/libsasl2.2.dylib
0x0000000046d29000 	/System/Library/PrivateFrameworks/CoreDaemon.framework/Versions/B/CoreDaemon
0x0000000046d29000 	/System/Library/PrivateFrameworks/AppleSRP.framework/Versions/A/AppleSRP
0x0000000046d29000 	/System/Library/PrivateFrameworks/APFS.framework/Versions/A/APFS
0x000000012f683000 	/Library/Java/JavaVirtualMachines/jdk1.8.0_121.jdk/Contents/Home/jre/lib/libfontmanager.dylib
0x0000000116303000 	/Library/Java/JavaVirtualMachines/jdk1.8.0_121.jdk/Contents/Home/jre/lib/libosxui.dylib
0x0000000046d29000 	/System/Library/PrivateFrameworks/ViewBridge.framework/Versions/A/ViewBridge
0x0000000046d29000 	/System/Library/PrivateFrameworks/XPCService.framework/Versions/A/XPCService
0x0000000046d29000 	/System/Library/PrivateFrameworks/AppSandbox.framework/Versions/A/AppSandbox
0x0000000046d29000 	/usr/lib/libsandbox.1.dylib
0x0000000046d29000 	/usr/lib/libMatch.1.dylib
0x000000013bd05000 	/Library/Java/JavaVirtualMachines/jdk1.8.0_121.jdk/Contents/Home/jre/lib/libnet.dylib
0x000000013bad3000 	/Library/Java/JavaVirtualMachines/jdk1.8.0_121.jdk/Contents/Home/jre/lib/libnio.dylib
0x00000001a4503000 	/Library/Java/JavaVirtualMachines/jdk1.8.0_121.jdk/Contents/Home/jre/lib/libdcpr.dylib

VM Arguments:
jvm_args: -Dfile.encoding=UTF-8 
java_command: com.phizercost.biblequiz.ui.MainFrame
java_class_path (initial): /Users/cost/Documents/babylsmsworkspace/biblequiz/biblequiz-ui/target/classes:/Users/cost/Documents/babylsmsworkspace/biblequiz/biblequiz-utils/target/classes:/Users/cost/Documents/babylsmsworkspace/biblequiz/biblequiz-model/target/classes
Launcher Type: SUN_STANDARD

Environment Variables:
PATH=/usr/bin:/bin:/usr/sbin:/sbin
SHELL=/bin/bash

Signal Handlers:
SIGSEGV: [libjvm.dylib+0x5b1141], sa_mask[0]=11111111011111110111111111111111, sa_flags=SA_ONSTACK|SA_RESTART|SA_SIGINFO
SIGBUS: [libjvm.dylib+0x5b1141], sa_mask[0]=11111111011111110111111111111111, sa_flags=SA_RESTART|SA_SIGINFO
SIGFPE: [libjvm.dylib+0x487bc4], sa_mask[0]=11111111011111110111111111111111, sa_flags=SA_RESTART|SA_SIGINFO
SIGPIPE: [libjvm.dylib+0x487bc4], sa_mask[0]=11111111011111110111111111111111, sa_flags=SA_RESTART|SA_SIGINFO
SIGXFSZ: [libjvm.dylib+0x487bc4], sa_mask[0]=11111111011111110111111111111111, sa_flags=SA_RESTART|SA_SIGINFO
SIGILL: [libjvm.dylib+0x487bc4], sa_mask[0]=11111111011111110111111111111111, sa_flags=SA_RESTART|SA_SIGINFO
SIGUSR1: SIG_DFL, sa_mask[0]=00000000000000000000000000000000, sa_flags=none
SIGUSR2: [libjvm.dylib+0x4876e2], sa_mask[0]=00100000000000000000000000000000, sa_flags=SA_RESTART|SA_SIGINFO
SIGHUP: [libjvm.dylib+0x485cb9], sa_mask[0]=11111111011111110111111111111111, sa_flags=SA_RESTART|SA_SIGINFO
SIGINT: [libjvm.dylib+0x485cb9], sa_mask[0]=11111111011111110111111111111111, sa_flags=SA_RESTART|SA_SIGINFO
SIGTERM: [libjvm.dylib+0x485cb9], sa_mask[0]=11111111011111110111111111111111, sa_flags=SA_RESTART|SA_SIGINFO
SIGQUIT: [libjvm.dylib+0x485cb9], sa_mask[0]=11111111011111110111111111111111, sa_flags=SA_RESTART|SA_SIGINFO


---------------  S Y S T E M  ---------------

OS:Bsduname:Darwin 16.7.0 Darwin Kernel Version 16.7.0: Wed Oct  4 00:17:00 PDT 2017; root:xnu-3789.71.6~1/RELEASE_X86_64 x86_64
rlimit: STACK 8192k, CORE 0k, NPROC 709, NOFILE 10240, AS infinity
load average:12.07 6.30 4.05

CPU:total 4 (2 cores per cpu, 2 threads per core) family 6 model 78 stepping 3, cmov, cx8, fxsr, mmx, sse, sse2, sse3, ssse3, sse4.1, sse4.2, popcnt, avx, avx2, aes, clmul, erms, 3dnowpref, lzcnt, ht, tsc, tscinvbit, bmi1, bmi2, adx

Memory: 4k page, physical 16777216k(321944k free)

/proc/meminfo:


vm_info: Java HotSpot(TM) 64-Bit Server VM (25.121-b13) for bsd-amd64 JRE (1.8.0_121-b13), built on Dec 12 2016 20:39:32 by "java_re" with gcc 4.2.1 (Based on Apple Inc. build 5658) (LLVM build 2336.11.00)

time: Fri Dec  1 21:26:07 2017
elapsed time: 170 seconds (0d 0h 2m 50s)

